app/build/intermediates/manifest_merge_blame_file/debug/manifest-merger-blame-debug-report.txt
1<?xml version="1.0" encoding="utf-8"?>
2<manifest xmlns:android="http://schemas.android.com/apk/res/android"
3    package="com.example.curso"
4    android:versionCode="1"
5    android:versionName="1.0" >
6
7    <uses-sdk
8        android:minSdkVersion="19"
8-->src\main\AndroidManifest.xml
9        android:targetSdkVersion="29" />
9-->src\main\AndroidManifest.xml
10
11    <uses-permission android:name="android.permission.READ_EXTERNAL_STORAGE" />
11-->src\main\AndroidManifest.xml:4:5-79
11-->src\main\AndroidManifest.xml:4:22-77
12    <uses-permission android:name="android.permission.WRITE_EXTERNAL_STORAGE" />
12-->src\main\AndroidManifest.xml:5:5-80
12-->src\main\AndroidManifest.xml:5:22-78
13
14    <application
14-->src\main\AndroidManifest.xml:7:5-69:19
15        android:allowBackup="true"
15-->src\main\AndroidManifest.xml:8:9-35
16        android:appComponentFactory="androidx.core.app.CoreComponentFactory"
16-->[androidx.core:core:1.2.0] AndroidManifest.xml:24:18-86
17        android:debuggable="true"
18        android:icon="@mipmap/ic_launcher"
18-->src\main\AndroidManifest.xml:9:9-43
19        android:label="@string/app_name"
19-->src\main\AndroidManifest.xml:10:9-41
20        android:roundIcon="@mipmap/ic_launcher_round"
20-->src\main\AndroidManifest.xml:11:9-54
21        android:supportsRtl="true"
21-->src\main\AndroidManifest.xml:12:9-35
22        android:testOnly="true"
23        android:theme="@style/AppTheme" >
23-->src\main\AndroidManifest.xml:13:9-40
24        <provider
24-->src\main\AndroidManifest.xml:14:9-21:20
25            android:name="androidx.core.content.FileProvider"
25-->src\main\AndroidManifest.xml:15:13-62
26            android:authorities="com.example.curso.fileProvider"
26-->src\main\AndroidManifest.xml:16:13-65
27            android:exported="false"
27-->src\main\AndroidManifest.xml:17:13-37
28            android:grantUriPermissions="true" >
28-->src\main\AndroidManifest.xml:18:13-47
29            <meta-data
29-->src\main\AndroidManifest.xml:19:13-20:54
30                android:name="android.support.FILE_PROVIDER_PATHS"
30-->src\main\AndroidManifest.xml:19:25-75
31                android:resource="@xml/file_paths" />
31-->src\main\AndroidManifest.xml:20:17-51
32        </provider>
33
34        <activity
34-->src\main\AndroidManifest.xml:22:9-31:20
35            android:name="com.example.curso.ScrollingActivity"
35-->src\main\AndroidManifest.xml:23:13-46
36            android:label="@string/app_name"
36-->src\main\AndroidManifest.xml:24:13-45
37            android:theme="@style/AppTheme.NoActionBar" >
37-->src\main\AndroidManifest.xml:25:13-56
38            <intent-filter>
38-->src\main\AndroidManifest.xml:26:13-30:29
39                <action android:name="android.intent.action.MAIN" />
39-->src\main\AndroidManifest.xml:27:17-69
39-->src\main\AndroidManifest.xml:27:25-66
40
41                <category android:name="android.intent.category.LAUNCHER" />
41-->src\main\AndroidManifest.xml:29:17-77
41-->src\main\AndroidManifest.xml:29:27-74
42            </intent-filter>
43        </activity>
44        <activity android:name="com.example.curso.EdicionLugarActivity" >
44-->src\main\AndroidManifest.xml:32:9-38:20
44-->src\main\AndroidManifest.xml:32:19-55
45            <intent-filter>
45-->src\main\AndroidManifest.xml:26:13-30:29
46                <action android:name="android.intent.action.MAIN" />
46-->src\main\AndroidManifest.xml:27:17-69
46-->src\main\AndroidManifest.xml:27:25-66
47
48                <category android:name="android.intent.category.LAUNCHER" />
48-->src\main\AndroidManifest.xml:29:17-77
48-->src\main\AndroidManifest.xml:29:27-74
49            </intent-filter>
50        </activity>
51        <activity android:name="com.example.curso.VistaLugarActivity" >
51-->src\main\AndroidManifest.xml:39:9-45:20
51-->src\main\AndroidManifest.xml:39:19-53
52            <intent-filter>
52-->src\main\AndroidManifest.xml:26:13-30:29
53                <action android:name="android.intent.action.MAIN" />
53-->src\main\AndroidManifest.xml:27:17-69
53-->src\main\AndroidManifest.xml:27:25-66
54
55                <category android:name="android.intent.category.LAUNCHER" />
55-->src\main\AndroidManifest.xml:29:17-77
55-->src\main\AndroidManifest.xml:29:27-74
56            </intent-filter>
57        </activity>
58        <activity android:name="com.example.curso.MainActivity" >
58-->src\main\AndroidManifest.xml:46:9-52:20
58-->src\main\AndroidManifest.xml:46:19-47
59            <intent-filter>
59-->src\main\AndroidManifest.xml:26:13-30:29
60                <action android:name="android.intent.action.MAIN" />
60-->src\main\AndroidManifest.xml:27:17-69
60-->src\main\AndroidManifest.xml:27:25-66
61
62                <category android:name="android.intent.category.LAUNCHER" />
62-->src\main\AndroidManifest.xml:29:17-77
62-->src\main\AndroidManifest.xml:29:27-74
63            </intent-filter>
64        </activity>
65        <activity android:name="com.example.curso.AcercaDeActivity" >
65-->src\main\AndroidManifest.xml:53:9-59:20
65-->src\main\AndroidManifest.xml:53:19-51
66            <intent-filter>
66-->src\main\AndroidManifest.xml:26:13-30:29
67                <action android:name="android.intent.action.MAIN" />
67-->src\main\AndroidManifest.xml:27:17-69
67-->src\main\AndroidManifest.xml:27:25-66
68
69                <category android:name="android.intent.category.LAUNCHER" />
69-->src\main\AndroidManifest.xml:29:17-77
69-->src\main\AndroidManifest.xml:29:27-74
70            </intent-filter>
71        </activity>
72        <activity android:name="com.example.curso.PreferenciasActivity" >
72-->src\main\AndroidManifest.xml:61:9-67:20
72-->src\main\AndroidManifest.xml:61:19-55
73            <intent-filter>
73-->src\main\AndroidManifest.xml:26:13-30:29
74                <action android:name="android.intent.action.MAIN" />
74-->src\main\AndroidManifest.xml:27:17-69
74-->src\main\AndroidManifest.xml:27:25-66
75
76                <category android:name="android.intent.category.LAUNCHER" />
76-->src\main\AndroidManifest.xml:29:17-77
76-->src\main\AndroidManifest.xml:29:27-74
77            </intent-filter>
78        </activity>
79    </application>
80
81</manifest>